[debug] [2025-07-03T15:58:23.815Z] ----------------------------------------------------------------------
[debug] [2025-07-03T15:58:23.817Z] Command:       /usr/local/share/nvm/versions/node/v22.16.0/bin/node /home/codespace/nvm/current/bin/firebase emulators:start --project journal-e3f7e --only auth,firestore
[debug] [2025-07-03T15:58:23.817Z] CLI Version:   14.9.0
[debug] [2025-07-03T15:58:23.817Z] Platform:      linux
[debug] [2025-07-03T15:58:23.817Z] Node Version:  v22.16.0
[debug] [2025-07-03T15:58:23.818Z] Time:          Thu Jul 03 2025 15:58:23 GMT+0000 (Coordinated Universal Time)
[debug] [2025-07-03T15:58:23.818Z] Env Overrides: GITHUB_API_URL, GITHUB_API_URL
[debug] [2025-07-03T15:58:23.818Z] ----------------------------------------------------------------------
[debug] 
[debug] [2025-07-03T15:58:24.109Z] > command requires scopes: ["email","openid","https://www.googleapis.com/auth/cloudplatformprojects.readonly","https://www.googleapis.com/auth/firebase","https://www.googleapis.com/auth/cloud-platform"]
[debug] Failed to authenticate, have you run firebase login?
[warn] ⚠  emulators: You are not currently authenticated so some features may not work correctly. Please run firebase login to authenticate the CLI. 
[debug] [2025-07-03T15:58:24.174Z] openjdk version "21.0.7" 2025-04-15 LTS
OpenJDK Runtime Environment Microsoft-11369942 (build 21.0.7+6-LTS)
OpenJDK 64-Bit Server VM Microsoft-11369942 (build 21.0.7+6-LTS, mixed mode, sharing)

[debug] [2025-07-03T15:58:24.181Z] Parsed Java major version: 21
[info] i  emulators: Starting emulators: auth, firestore {"metadata":{"emulator":{"name":"hub"},"message":"Starting emulators: auth, firestore"}}
[debug] [2025-07-03T15:58:24.190Z] [auth] Authentication Emulator only supports listening on one address (127.0.0.1). Not listening on ::1
[warn] ⚠  logging: Logging Emulator unable to start on port 4500, starting on 4501 instead. {"metadata":{"emulator":{"name":"logging"},"message":"Logging Emulator unable to start on port 4500, starting on 4501 instead."}}
[debug] [2025-07-03T15:58:24.190Z] [logging] Logging Emulator only supports listening on one address (127.0.0.1). Not listening on ::1
[debug] [2025-07-03T15:58:24.191Z] assigned listening specs for emulators {"user":{"firestore":[{"address":"127.0.0.1","family":"IPv4","port":8081}],"firestore.websocket":[{"address":"127.0.0.1","family":"IPv4","port":9151}],"hub":[{"address":"127.0.0.1","family":"IPv4","port":4400},{"address":"::1","family":"IPv6","port":4400}],"ui":[{"address":"127.0.0.1","family":"IPv4","port":4000},{"address":"::1","family":"IPv6","port":4000}],"auth":[{"address":"127.0.0.1","family":"IPv4","port":9099}],"logging":[{"address":"127.0.0.1","family":"IPv4","port":4501}]},"metadata":{"message":"assigned listening specs for emulators"}}
[debug] [2025-07-03T15:58:24.195Z] [hub] writing locator at /tmp/hub-journal-e3f7e.json
[debug] [2025-07-03T15:58:24.203Z] Ignoring unsupported arg: auto_download {"metadata":{"emulator":{"name":"firestore"},"message":"Ignoring unsupported arg: auto_download"}}
[debug] [2025-07-03T15:58:24.203Z] Ignoring unsupported arg: single_project_mode_error {"metadata":{"emulator":{"name":"firestore"},"message":"Ignoring unsupported arg: single_project_mode_error"}}
[debug] [2025-07-03T15:58:24.204Z] Starting Firestore Emulator with command {"binary":"java","args":["-Dgoogle.cloud_firestore.debug_log_level=FINE","-Duser.language=en","-jar","/home/codespace/.cache/firebase/emulators/cloud-firestore-emulator-v1.19.8.jar","--host","127.0.0.1","--port",8081,"--websocket_port",9151,"--project_id","journal-e3f7e","--rules","/workspaces/AB2424/firestore.rules","--single_project_mode",true],"optionalArgs":["port","webchannel_port","host","rules","websocket_port","functions_emulator","seed_from_export","project_id","single_project_mode"],"joinArgs":false,"shell":false,"port":8081} {"metadata":{"emulator":{"name":"firestore"},"message":"Starting Firestore Emulator with command {\"binary\":\"java\",\"args\":[\"-Dgoogle.cloud_firestore.debug_log_level=FINE\",\"-Duser.language=en\",\"-jar\",\"/home/codespace/.cache/firebase/emulators/cloud-firestore-emulator-v1.19.8.jar\",\"--host\",\"127.0.0.1\",\"--port\",8081,\"--websocket_port\",9151,\"--project_id\",\"journal-e3f7e\",\"--rules\",\"/workspaces/AB2424/firestore.rules\",\"--single_project_mode\",true],\"optionalArgs\":[\"port\",\"webchannel_port\",\"host\",\"rules\",\"websocket_port\",\"functions_emulator\",\"seed_from_export\",\"project_id\",\"single_project_mode\"],\"joinArgs\":false,\"shell\":false,\"port\":8081}"}}
[info] i  firestore: Firestore Emulator logging to firestore-debug.log {"metadata":{"emulator":{"name":"firestore"},"message":"Firestore Emulator logging to \u001b[1mfirestore-debug.log\u001b[22m"}}
[debug] [2025-07-03T15:58:25.608Z] Jul 03, 2025 3:58:25 PM com.google.cloud.datastore.emulator.firestore.websocket.WebSocketServer start
INFO: Started WebSocket server on ws://127.0.0.1:9151
 {"metadata":{"emulator":{"name":"firestore"},"message":"Jul 03, 2025 3:58:25 PM com.google.cloud.datastore.emulator.firestore.websocket.WebSocketServer start\nINFO: Started WebSocket server on ws://127.0.0.1:9151\n"}}
[debug] [2025-07-03T15:58:25.670Z] API endpoint: http://127.0.0.1:8081
If you are using a library that supports the FIRESTORE_EMULATOR_HOST environment variable, run:

   export FIRESTORE_EMULATOR_HOST=127.0.0.1:8081

If you are running a Firestore in Datastore Mode project, run:

   export DATASTORE_EMULATOR_HOST=127.0.0.1:8081

Note: Support for Datastore Mode is in preview. If you encounter any bugs please file at https://github.com/firebase/firebase-tools/issues.
Dev App Server is now running.

 {"metadata":{"emulator":{"name":"firestore"},"message":"API endpoint: http://127.0.0.1:8081\nIf you are using a library that supports the FIRESTORE_EMULATOR_HOST environment variable, run:\n\n   export FIRESTORE_EMULATOR_HOST=127.0.0.1:8081\n\nIf you are running a Firestore in Datastore Mode project, run:\n\n   export DATASTORE_EMULATOR_HOST=127.0.0.1:8081\n\nNote: Support for Datastore Mode is in preview. If you encounter any bugs please file at https://github.com/firebase/firebase-tools/issues.\nDev App Server is now running.\n\n"}}
[info] ✔  firestore: Firestore Emulator UI websocket is running on 9151. {"metadata":{"emulator":{"name":"firestore"},"message":"Firestore Emulator UI websocket is running on 9151."}}
[info] i  ui: downloading ui-v1.15.0.zip... {"metadata":{"emulator":{"name":"ui"},"message":"downloading ui-v1.15.0.zip..."}}
[debug] [2025-07-03T15:58:33.004Z] >>> [apiv2][query] GET https://storage.googleapis.com/firebase-preview-drop/emulator/ui-v1.15.0.zip 
[debug] [2025-07-03T15:58:33.032Z] <<< [apiv2][status] GET https://storage.googleapis.com/firebase-preview-drop/emulator/ui-v1.15.0.zip 200
[debug] [2025-07-03T15:58:33.032Z] <<< [apiv2][body] GET https://storage.googleapis.com/firebase-preview-drop/emulator/ui-v1.15.0.zip [stream]
[debug] [2025-07-03T15:58:33.127Z] Data is 3538469
[debug] [2025-07-03T15:58:33.128Z] [unzip] Entry: client/ (compressed_size=0 bytes, uncompressed_size=0 bytes)
[debug] [2025-07-03T15:58:33.128Z] [unzip] Processing entry: client/
[debug] [2025-07-03T15:58:33.128Z] [unzip] mkdir: /home/codespace/.cache/firebase/emulators/ui-v1.15.0/client/
[debug] [2025-07-03T15:58:33.131Z] [unzip] Entry: client/favicon-16x16.png (compressed_size=293 bytes, uncompressed_size=293 bytes)
[debug] [2025-07-03T15:58:33.131Z] [unzip] Processing entry: client/favicon-16x16.png
[debug] [2025-07-03T15:58:33.131Z] [unzip] else mkdir: /home/codespace/.cache/firebase/emulators/ui-v1.15.0/client
[debug] [2025-07-03T15:58:33.132Z] [unzip] Writing file: /home/codespace/.cache/firebase/emulators/ui-v1.15.0/client/favicon-16x16.png
[debug] [2025-07-03T15:58:33.134Z] [unzip] Entry: client/safari-pinned-tab.svg (compressed_size=1433 bytes, uncompressed_size=2611 bytes)
[debug] [2025-07-03T15:58:33.134Z] [unzip] Processing entry: client/safari-pinned-tab.svg
[debug] [2025-07-03T15:58:33.134Z] [unzip] else mkdir: /home/codespace/.cache/firebase/emulators/ui-v1.15.0/client
[debug] [2025-07-03T15:58:33.135Z] [unzip] deflating: /home/codespace/.cache/firebase/emulators/ui-v1.15.0/client/safari-pinned-tab.svg
[debug] [2025-07-03T15:58:33.145Z] [unzip] Entry: client/favicon.ico (compressed_size=2933 bytes, uncompressed_size=13294 bytes)
[debug] [2025-07-03T15:58:33.145Z] [unzip] Processing entry: client/favicon.ico
[debug] [2025-07-03T15:58:33.145Z] [unzip] else mkdir: /home/codespace/.cache/firebase/emulators/ui-v1.15.0/client
[debug] [2025-07-03T15:58:33.146Z] [unzip] deflating: /home/codespace/.cache/firebase/emulators/ui-v1.15.0/client/favicon.ico
[debug] [2025-07-03T15:58:33.151Z] [unzip] Entry: client/index.html (compressed_size=1364 bytes, uncompressed_size=3071 bytes)
[debug] [2025-07-03T15:58:33.151Z] [unzip] Processing entry: client/index.html
[debug] [2025-07-03T15:58:33.151Z] [unzip] else mkdir: /home/codespace/.cache/firebase/emulators/ui-v1.15.0/client
[debug] [2025-07-03T15:58:33.151Z] [unzip] deflating: /home/codespace/.cache/firebase/emulators/ui-v1.15.0/client/index.html
[debug] [2025-07-03T15:58:33.153Z] [unzip] Entry: client/android-chrome-192x192.png (compressed_size=2684 bytes, uncompressed_size=2684 bytes)
[debug] [2025-07-03T15:58:33.154Z] [unzip] Processing entry: client/android-chrome-192x192.png
[debug] [2025-07-03T15:58:33.154Z] [unzip] else mkdir: /home/codespace/.cache/firebase/emulators/ui-v1.15.0/client
[debug] [2025-07-03T15:58:33.155Z] [unzip] Writing file: /home/codespace/.cache/firebase/emulators/ui-v1.15.0/client/android-chrome-192x192.png
[debug] [2025-07-03T15:58:33.155Z] [unzip] Entry: client/apple-touch-icon.png (compressed_size=2123 bytes, uncompressed_size=2152 bytes)
[debug] [2025-07-03T15:58:33.155Z] [unzip] Processing entry: client/apple-touch-icon.png
[debug] [2025-07-03T15:58:33.155Z] [unzip] else mkdir: /home/codespace/.cache/firebase/emulators/ui-v1.15.0/client
[debug] [2025-07-03T15:58:33.156Z] [unzip] deflating: /home/codespace/.cache/firebase/emulators/ui-v1.15.0/client/apple-touch-icon.png
[debug] [2025-07-03T15:58:33.158Z] [unzip] Entry: client/android-chrome-512x512.png (compressed_size=5369 bytes, uncompressed_size=5411 bytes)
[debug] [2025-07-03T15:58:33.159Z] [unzip] Processing entry: client/android-chrome-512x512.png
[debug] [2025-07-03T15:58:33.159Z] [unzip] else mkdir: /home/codespace/.cache/firebase/emulators/ui-v1.15.0/client
[debug] [2025-07-03T15:58:33.159Z] [unzip] deflating: /home/codespace/.cache/firebase/emulators/ui-v1.15.0/client/android-chrome-512x512.png
[debug] [2025-07-03T15:58:33.161Z] [unzip] Entry: client/manifest.json (compressed_size=245 bytes, uncompressed_size=551 bytes)
[debug] [2025-07-03T15:58:33.161Z] [unzip] Processing entry: client/manifest.json
[debug] [2025-07-03T15:58:33.161Z] [unzip] else mkdir: /home/codespace/.cache/firebase/emulators/ui-v1.15.0/client
[debug] [2025-07-03T15:58:33.162Z] [unzip] deflating: /home/codespace/.cache/firebase/emulators/ui-v1.15.0/client/manifest.json
[debug] [2025-07-03T15:58:33.165Z] [unzip] Entry: client/robots.txt (compressed_size=26 bytes, uncompressed_size=26 bytes)
[debug] [2025-07-03T15:58:33.165Z] [unzip] Processing entry: client/robots.txt
[debug] [2025-07-03T15:58:33.166Z] [unzip] else mkdir: /home/codespace/.cache/firebase/emulators/ui-v1.15.0/client
[debug] [2025-07-03T15:58:33.166Z] [unzip] Writing file: /home/codespace/.cache/firebase/emulators/ui-v1.15.0/client/robots.txt
[debug] [2025-07-03T15:58:33.167Z] [unzip] Entry: client/mstile-150x150.png (compressed_size=2034 bytes, uncompressed_size=2034 bytes)
[debug] [2025-07-03T15:58:33.168Z] [unzip] Processing entry: client/mstile-150x150.png
[debug] [2025-07-03T15:58:33.168Z] [unzip] else mkdir: /home/codespace/.cache/firebase/emulators/ui-v1.15.0/client
[debug] [2025-07-03T15:58:33.168Z] [unzip] Writing file: /home/codespace/.cache/firebase/emulators/ui-v1.15.0/client/mstile-150x150.png
[debug] [2025-07-03T15:58:33.169Z] [unzip] Entry: client/assets/ (compressed_size=0 bytes, uncompressed_size=0 bytes)
[debug] [2025-07-03T15:58:33.169Z] [unzip] Processing entry: client/assets/
[debug] [2025-07-03T15:58:33.169Z] [unzip] mkdir: /home/codespace/.cache/firebase/emulators/ui-v1.15.0/client/assets/
[debug] [2025-07-03T15:58:33.170Z] [unzip] Entry: client/assets/index-BX-A56oj.js (compressed_size=582089 bytes, uncompressed_size=2092775 bytes)
[debug] [2025-07-03T15:58:33.170Z] [unzip] Processing entry: client/assets/index-BX-A56oj.js
[debug] [2025-07-03T15:58:33.170Z] [unzip] else mkdir: /home/codespace/.cache/firebase/emulators/ui-v1.15.0/client/assets
[debug] [2025-07-03T15:58:33.170Z] [unzip] deflating: /home/codespace/.cache/firebase/emulators/ui-v1.15.0/client/assets/index-BX-A56oj.js
[debug] [2025-07-03T15:58:33.192Z] [unzip] Entry: client/assets/index-CjB9C900.css (compressed_size=35979 bytes, uncompressed_size=298654 bytes)
[debug] [2025-07-03T15:58:33.193Z] [unzip] Processing entry: client/assets/index-CjB9C900.css
[debug] [2025-07-03T15:58:33.193Z] [unzip] else mkdir: /home/codespace/.cache/firebase/emulators/ui-v1.15.0/client/assets
[debug] [2025-07-03T15:58:33.193Z] [unzip] deflating: /home/codespace/.cache/firebase/emulators/ui-v1.15.0/client/assets/index-CjB9C900.css
[debug] [2025-07-03T15:58:33.198Z] [unzip] Entry: client/assets/index-BX-A56oj.js.map (compressed_size=2362482 bytes, uncompressed_size=10036679 bytes)
[debug] [2025-07-03T15:58:33.198Z] [unzip] Processing entry: client/assets/index-BX-A56oj.js.map
[debug] [2025-07-03T15:58:33.198Z] [unzip] else mkdir: /home/codespace/.cache/firebase/emulators/ui-v1.15.0/client/assets
[debug] [2025-07-03T15:58:33.198Z] [unzip] deflating: /home/codespace/.cache/firebase/emulators/ui-v1.15.0/client/assets/index-BX-A56oj.js.map
[debug] [2025-07-03T15:58:33.321Z] [unzip] Entry: client/assets/extensions/ (compressed_size=0 bytes, uncompressed_size=0 bytes)
[debug] [2025-07-03T15:58:33.321Z] [unzip] Processing entry: client/assets/extensions/
[debug] [2025-07-03T15:58:33.321Z] [unzip] mkdir: /home/codespace/.cache/firebase/emulators/ui-v1.15.0/client/assets/extensions/
[debug] [2025-07-03T15:58:33.322Z] [unzip] Entry: client/assets/extensions/default-extension.png (compressed_size=1646 bytes, uncompressed_size=1657 bytes)
[debug] [2025-07-03T15:58:33.322Z] [unzip] Processing entry: client/assets/extensions/default-extension.png
[debug] [2025-07-03T15:58:33.322Z] [unzip] else mkdir: /home/codespace/.cache/firebase/emulators/ui-v1.15.0/client/assets/extensions
[debug] [2025-07-03T15:58:33.322Z] [unzip] deflating: /home/codespace/.cache/firebase/emulators/ui-v1.15.0/client/assets/extensions/default-extension.png
[debug] [2025-07-03T15:58:33.324Z] [unzip] Entry: client/assets/img/ (compressed_size=0 bytes, uncompressed_size=0 bytes)
[debug] [2025-07-03T15:58:33.324Z] [unzip] Processing entry: client/assets/img/
[debug] [2025-07-03T15:58:33.324Z] [unzip] mkdir: /home/codespace/.cache/firebase/emulators/ui-v1.15.0/client/assets/img/
[debug] [2025-07-03T15:58:33.325Z] [unzip] Entry: client/assets/img/database.png (compressed_size=29449 bytes, uncompressed_size=29988 bytes)
[debug] [2025-07-03T15:58:33.325Z] [unzip] Processing entry: client/assets/img/database.png
[debug] [2025-07-03T15:58:33.325Z] [unzip] else mkdir: /home/codespace/.cache/firebase/emulators/ui-v1.15.0/client/assets/img
[debug] [2025-07-03T15:58:33.325Z] [unzip] deflating: /home/codespace/.cache/firebase/emulators/ui-v1.15.0/client/assets/img/database.png
[debug] [2025-07-03T15:58:33.328Z] [unzip] Entry: client/assets/provider-icons/ (compressed_size=0 bytes, uncompressed_size=0 bytes)
[debug] [2025-07-03T15:58:33.328Z] [unzip] Processing entry: client/assets/provider-icons/
[debug] [2025-07-03T15:58:33.329Z] [unzip] mkdir: /home/codespace/.cache/firebase/emulators/ui-v1.15.0/client/assets/provider-icons/
[debug] [2025-07-03T15:58:33.329Z] [unzip] Entry: client/assets/provider-icons/auth_service_saml.svg (compressed_size=575 bytes, uncompressed_size=1226 bytes)
[debug] [2025-07-03T15:58:33.329Z] [unzip] Processing entry: client/assets/provider-icons/auth_service_saml.svg
[debug] [2025-07-03T15:58:33.329Z] [unzip] else mkdir: /home/codespace/.cache/firebase/emulators/ui-v1.15.0/client/assets/provider-icons
[debug] [2025-07-03T15:58:33.329Z] [unzip] deflating: /home/codespace/.cache/firebase/emulators/ui-v1.15.0/client/assets/provider-icons/auth_service_saml.svg
[debug] [2025-07-03T15:58:33.330Z] [unzip] Entry: client/assets/provider-icons/auth_service_phone.svg (compressed_size=261 bytes, uncompressed_size=414 bytes)
[debug] [2025-07-03T15:58:33.331Z] [unzip] Processing entry: client/assets/provider-icons/auth_service_phone.svg
[debug] [2025-07-03T15:58:33.331Z] [unzip] else mkdir: /home/codespace/.cache/firebase/emulators/ui-v1.15.0/client/assets/provider-icons
[debug] [2025-07-03T15:58:33.331Z] [unzip] deflating: /home/codespace/.cache/firebase/emulators/ui-v1.15.0/client/assets/provider-icons/auth_service_phone.svg
[debug] [2025-07-03T15:58:33.332Z] [unzip] Entry: client/assets/provider-icons/auth_service_facebook.svg (compressed_size=289 bytes, uncompressed_size=457 bytes)
[debug] [2025-07-03T15:58:33.332Z] [unzip] Processing entry: client/assets/provider-icons/auth_service_facebook.svg
[debug] [2025-07-03T15:58:33.332Z] [unzip] else mkdir: /home/codespace/.cache/firebase/emulators/ui-v1.15.0/client/assets/provider-icons
[debug] [2025-07-03T15:58:33.333Z] [unzip] deflating: /home/codespace/.cache/firebase/emulators/ui-v1.15.0/client/assets/provider-icons/auth_service_facebook.svg
[debug] [2025-07-03T15:58:33.334Z] [unzip] Entry: client/assets/provider-icons/auth_service_game_center.svg (compressed_size=991 bytes, uncompressed_size=3921 bytes)
[debug] [2025-07-03T15:58:33.334Z] [unzip] Processing entry: client/assets/provider-icons/auth_service_game_center.svg
[debug] [2025-07-03T15:58:33.334Z] [unzip] else mkdir: /home/codespace/.cache/firebase/emulators/ui-v1.15.0/client/assets/provider-icons
[debug] [2025-07-03T15:58:33.334Z] [unzip] deflating: /home/codespace/.cache/firebase/emulators/ui-v1.15.0/client/assets/provider-icons/auth_service_game_center.svg
[debug] [2025-07-03T15:58:33.336Z] [unzip] Entry: client/assets/provider-icons/auth_service_apple.svg (compressed_size=230 bytes, uncompressed_size=334 bytes)
[debug] [2025-07-03T15:58:33.336Z] [unzip] Processing entry: client/assets/provider-icons/auth_service_apple.svg
[debug] [2025-07-03T15:58:33.336Z] [unzip] else mkdir: /home/codespace/.cache/firebase/emulators/ui-v1.15.0/client/assets/provider-icons
[debug] [2025-07-03T15:58:33.336Z] [unzip] deflating: /home/codespace/.cache/firebase/emulators/ui-v1.15.0/client/assets/provider-icons/auth_service_apple.svg
[debug] [2025-07-03T15:58:33.339Z] [unzip] Entry: client/assets/provider-icons/auth_service_github.svg (compressed_size=466 bytes, uncompressed_size=838 bytes)
[debug] [2025-07-03T15:58:33.339Z] [unzip] Processing entry: client/assets/provider-icons/auth_service_github.svg
[debug] [2025-07-03T15:58:33.339Z] [unzip] else mkdir: /home/codespace/.cache/firebase/emulators/ui-v1.15.0/client/assets/provider-icons
[debug] [2025-07-03T15:58:33.339Z] [unzip] deflating: /home/codespace/.cache/firebase/emulators/ui-v1.15.0/client/assets/provider-icons/auth_service_github.svg
[debug] [2025-07-03T15:58:33.340Z] [unzip] Entry: client/assets/provider-icons/auth_service_mslive.svg (compressed_size=203 bytes, uncompressed_size=378 bytes)
[debug] [2025-07-03T15:58:33.340Z] [unzip] Processing entry: client/assets/provider-icons/auth_service_mslive.svg
[debug] [2025-07-03T15:58:33.341Z] [unzip] else mkdir: /home/codespace/.cache/firebase/emulators/ui-v1.15.0/client/assets/provider-icons
[debug] [2025-07-03T15:58:33.341Z] [unzip] deflating: /home/codespace/.cache/firebase/emulators/ui-v1.15.0/client/assets/provider-icons/auth_service_mslive.svg
[debug] [2025-07-03T15:58:33.342Z] [unzip] Entry: client/assets/provider-icons/auth_service_yahoo.svg (compressed_size=577 bytes, uncompressed_size=1182 bytes)
[debug] [2025-07-03T15:58:33.342Z] [unzip] Processing entry: client/assets/provider-icons/auth_service_yahoo.svg
[debug] [2025-07-03T15:58:33.342Z] [unzip] else mkdir: /home/codespace/.cache/firebase/emulators/ui-v1.15.0/client/assets/provider-icons
[debug] [2025-07-03T15:58:33.343Z] [unzip] deflating: /home/codespace/.cache/firebase/emulators/ui-v1.15.0/client/assets/provider-icons/auth_service_yahoo.svg
[debug] [2025-07-03T15:58:33.344Z] [unzip] Entry: client/assets/provider-icons/auth_service_twitter.svg (compressed_size=444 bytes, uncompressed_size=751 bytes)
[debug] [2025-07-03T15:58:33.344Z] [unzip] Processing entry: client/assets/provider-icons/auth_service_twitter.svg
[debug] [2025-07-03T15:58:33.344Z] [unzip] else mkdir: /home/codespace/.cache/firebase/emulators/ui-v1.15.0/client/assets/provider-icons
[debug] [2025-07-03T15:58:33.344Z] [unzip] deflating: /home/codespace/.cache/firebase/emulators/ui-v1.15.0/client/assets/provider-icons/auth_service_twitter.svg
[debug] [2025-07-03T15:58:33.346Z] [unzip] Entry: client/assets/provider-icons/auth_service_play_games.svg (compressed_size=565 bytes, uncompressed_size=1173 bytes)
[debug] [2025-07-03T15:58:33.346Z] [unzip] Processing entry: client/assets/provider-icons/auth_service_play_games.svg
[debug] [2025-07-03T15:58:33.346Z] [unzip] else mkdir: /home/codespace/.cache/firebase/emulators/ui-v1.15.0/client/assets/provider-icons
[debug] [2025-07-03T15:58:33.346Z] [unzip] deflating: /home/codespace/.cache/firebase/emulators/ui-v1.15.0/client/assets/provider-icons/auth_service_play_games.svg
[debug] [2025-07-03T15:58:33.347Z] [unzip] Entry: client/assets/provider-icons/auth_service_email.svg (compressed_size=228 bytes, uncompressed_size=326 bytes)
[debug] [2025-07-03T15:58:33.348Z] [unzip] Processing entry: client/assets/provider-icons/auth_service_email.svg
[debug] [2025-07-03T15:58:33.348Z] [unzip] else mkdir: /home/codespace/.cache/firebase/emulators/ui-v1.15.0/client/assets/provider-icons
[debug] [2025-07-03T15:58:33.348Z] [unzip] deflating: /home/codespace/.cache/firebase/emulators/ui-v1.15.0/client/assets/provider-icons/auth_service_email.svg
[debug] [2025-07-03T15:58:33.349Z] [unzip] Entry: client/assets/provider-icons/auth_service_google.svg (compressed_size=409 bytes, uncompressed_size=720 bytes)
[debug] [2025-07-03T15:58:33.349Z] [unzip] Processing entry: client/assets/provider-icons/auth_service_google.svg
[debug] [2025-07-03T15:58:33.349Z] [unzip] else mkdir: /home/codespace/.cache/firebase/emulators/ui-v1.15.0/client/assets/provider-icons
[debug] [2025-07-03T15:58:33.350Z] [unzip] deflating: /home/codespace/.cache/firebase/emulators/ui-v1.15.0/client/assets/provider-icons/auth_service_google.svg
[debug] [2025-07-03T15:58:33.351Z] [unzip] Entry: client/assets/provider-icons/auth_service_oidc.svg (compressed_size=414 bytes, uncompressed_size=858 bytes)
[debug] [2025-07-03T15:58:33.351Z] [unzip] Processing entry: client/assets/provider-icons/auth_service_oidc.svg
[debug] [2025-07-03T15:58:33.351Z] [unzip] else mkdir: /home/codespace/.cache/firebase/emulators/ui-v1.15.0/client/assets/provider-icons
[debug] [2025-07-03T15:58:33.352Z] [unzip] deflating: /home/codespace/.cache/firebase/emulators/ui-v1.15.0/client/assets/provider-icons/auth_service_oidc.svg
[debug] [2025-07-03T15:58:33.353Z] [unzip] Entry: client/browserconfig.xml (compressed_size=491 bytes, uncompressed_size=822 bytes)
[debug] [2025-07-03T15:58:33.353Z] [unzip] Processing entry: client/browserconfig.xml
[debug] [2025-07-03T15:58:33.353Z] [unzip] else mkdir: /home/codespace/.cache/firebase/emulators/ui-v1.15.0/client
[debug] [2025-07-03T15:58:33.354Z] [unzip] deflating: /home/codespace/.cache/firebase/emulators/ui-v1.15.0/client/browserconfig.xml
[debug] [2025-07-03T15:58:33.355Z] [unzip] Entry: client/favicon-32x32.png (compressed_size=475 bytes, uncompressed_size=475 bytes)
[debug] [2025-07-03T15:58:33.356Z] [unzip] Processing entry: client/favicon-32x32.png
[debug] [2025-07-03T15:58:33.356Z] [unzip] else mkdir: /home/codespace/.cache/firebase/emulators/ui-v1.15.0/client
[debug] [2025-07-03T15:58:33.356Z] [unzip] Writing file: /home/codespace/.cache/firebase/emulators/ui-v1.15.0/client/favicon-32x32.png
[debug] [2025-07-03T15:58:33.357Z] [unzip] Entry: server/ (compressed_size=0 bytes, uncompressed_size=0 bytes)
[debug] [2025-07-03T15:58:33.357Z] [unzip] Processing entry: server/
[debug] [2025-07-03T15:58:33.357Z] [unzip] mkdir: /home/codespace/.cache/firebase/emulators/ui-v1.15.0/server/
[debug] [2025-07-03T15:58:33.358Z] [unzip] Entry: server/server.mjs.map (compressed_size=217845 bytes, uncompressed_size=944978 bytes)
[debug] [2025-07-03T15:58:33.358Z] [unzip] Processing entry: server/server.mjs.map
[debug] [2025-07-03T15:58:33.358Z] [unzip] else mkdir: /home/codespace/.cache/firebase/emulators/ui-v1.15.0/server
[debug] [2025-07-03T15:58:33.358Z] [unzip] deflating: /home/codespace/.cache/firebase/emulators/ui-v1.15.0/server/server.mjs.map
[debug] [2025-07-03T15:58:33.368Z] [unzip] Entry: server/server.mjs (compressed_size=276407 bytes, uncompressed_size=933701 bytes)
[debug] [2025-07-03T15:58:33.368Z] [unzip] Processing entry: server/server.mjs
[debug] [2025-07-03T15:58:33.369Z] [unzip] else mkdir: /home/codespace/.cache/firebase/emulators/ui-v1.15.0/server
[debug] [2025-07-03T15:58:33.369Z] [unzip] deflating: /home/codespace/.cache/firebase/emulators/ui-v1.15.0/server/server.mjs
[info] 
┌─────────────────────────────────────────────────────────────┐
│ ✔  All emulators ready! It is now safe to connect your app. │
│ i  View Emulator UI at http://127.0.0.1:4000/               │
└─────────────────────────────────────────────────────────────┘

┌────────────────┬────────────────┬─────────────────────────────────┐
│ Emulator       │ Host:Port      │ View in Emulator UI             │
├────────────────┼────────────────┼─────────────────────────────────┤
│ Authentication │ 127.0.0.1:9099 │ http://127.0.0.1:4000/auth      │
├────────────────┼────────────────┼─────────────────────────────────┤
│ Firestore      │ 127.0.0.1:8081 │ http://127.0.0.1:4000/firestore │
└────────────────┴────────────────┴─────────────────────────────────┘
  Emulator Hub host: 127.0.0.1 port: 4400
  Other reserved ports: 4501, 9151

Issues? Report them at https://github.com/firebase/firebase-tools/issues and attach the *-debug.log files.
 
